2025-05-19T14:42:48.098+05:30  INFO 10500 --- [demo tranasaction] [main] .e.d.S.TransactionServiceIntegrationTest : Starting TransactionServiceIntegrationTest using Java 24 with PID 10500 (started by HP in C:\demo transaction\demo)
2025-05-19T14:42:48.100+05:30  INFO 10500 --- [demo tranasaction] [main] .e.d.S.TransactionServiceIntegrationTest : No active profile set, falling back to 1 default profile: "default"
2025-05-19T14:42:48.969+05:30  INFO 10500 --- [demo tranasaction] [main] .s.d.r.c.RepositoryConfigurationDelegate : Bootstrapping Spring Data JPA repositories in DEFAULT mode.
2025-05-19T14:42:49.045+05:30  INFO 10500 --- [demo tranasaction] [main] .s.d.r.c.RepositoryConfigurationDelegate : Finished Spring Data repository scanning in 65 ms. Found 2 JPA repository interfaces.
2025-05-19T14:42:49.676+05:30  INFO 10500 --- [demo tranasaction] [main] o.hibernate.jpa.internal.util.LogHelper  : HHH000204: Processing PersistenceUnitInfo [name: default]
2025-05-19T14:42:49.750+05:30  INFO 10500 --- [demo tranasaction] [main] org.hibernate.Version                    : HHH000412: Hibernate ORM core version 6.6.11.Final
2025-05-19T14:42:49.805+05:30  INFO 10500 --- [demo tranasaction] [main] o.h.c.internal.RegionFactoryInitiator    : HHH000026: Second-level cache disabled
2025-05-19T14:42:50.144+05:30  INFO 10500 --- [demo tranasaction] [main] o.s.o.j.p.SpringPersistenceUnitInfo      : No LoadTimeWeaver setup: ignoring JPA class transformer
2025-05-19T14:42:50.185+05:30  INFO 10500 --- [demo tranasaction] [main] com.zaxxer.hikari.HikariDataSource       : HikariPool-1 - Starting...
2025-05-19T14:42:50.441+05:30  INFO 10500 --- [demo tranasaction] [main] com.zaxxer.hikari.pool.HikariPool        : HikariPool-1 - Added connection org.postgresql.jdbc.PgConnection@5a13f1f7
2025-05-19T14:42:50.443+05:30  INFO 10500 --- [demo tranasaction] [main] com.zaxxer.hikari.HikariDataSource       : HikariPool-1 - Start completed.
2025-05-19T14:42:50.545+05:30  INFO 10500 --- [demo tranasaction] [main] org.hibernate.orm.connections.pooling    : HHH10001005: Database info:
	Database JDBC URL [Connecting through datasource 'HikariDataSource (HikariPool-1)']
	Database driver: undefined/unknown
	Database version: 17.4
	Autocommit mode: undefined/unknown
	Isolation level: undefined/unknown
	Minimum pool size: undefined/unknown
	Maximum pool size: undefined/unknown
2025-05-19T14:42:51.541+05:30  INFO 10500 --- [demo tranasaction] [main] o.h.e.t.j.p.i.JtaPlatformInitiator       : HHH000489: No JTA platform available (set 'hibernate.transaction.jta.platform' to enable JTA platform integration)
2025-05-19T14:42:51.609+05:30  INFO 10500 --- [demo tranasaction] [main] j.LocalContainerEntityManagerFactoryBean : Initialized JPA EntityManagerFactory for persistence unit 'default'
2025-05-19T14:42:52.034+05:30  INFO 10500 --- [demo tranasaction] [main] o.s.d.j.r.query.QueryEnhancerFactory     : Hibernate is in classpath; If applicable, HQL parser will be used.
2025-05-19T14:42:52.758+05:30  WARN 10500 --- [demo tranasaction] [main] JpaBaseConfiguration$JpaWebConfiguration : spring.jpa.open-in-view is enabled by default. Therefore, database queries may be performed during view rendering. Explicitly configure spring.jpa.open-in-view to disable this warning
2025-05-19T14:42:52.795+05:30  INFO 10500 --- [demo tranasaction] [main] r$InitializeUserDetailsManagerConfigurer : Global AuthenticationManager configured with UserDetailsService bean with name customUserDetailsService
2025-05-19T14:42:53.531+05:30  INFO 10500 --- [demo tranasaction] [main] .e.d.S.TransactionServiceIntegrationTest : Started TransactionServiceIntegrationTest in 5.869 seconds (process running for 7.364)
2025-05-19T14:42:54.255+05:30  INFO 10500 --- [demo tranasaction] [SpringApplicationShutdownHook] j.LocalContainerEntityManagerFactoryBean : Closing JPA EntityManagerFactory for persistence unit 'default'
2025-05-19T14:42:54.258+05:30  INFO 10500 --- [demo tranasaction] [SpringApplicationShutdownHook] com.zaxxer.hikari.HikariDataSource       : HikariPool-1 - Shutdown initiated...
2025-05-19T14:42:54.264+05:30  INFO 10500 --- [demo tranasaction] [SpringApplicationShutdownHook] com.zaxxer.hikari.HikariDataSource       : HikariPool-1 - Shutdown completed.
